2021-02-13 06:20:07	ломаю	Неверная синтаксическая конструкция!

2021-02-13 06:20:09	4534543	4534543

2021-02-13 06:20:12	4534543+1	4534544

2021-02-13 06:20:15	4534543*-1	Незаконченное выражение!

2021-02-13 06:20:27	4534543*(-1)	-4534543

2021-02-13 06:20:33	вапвапвап	Неверная синтаксическая конструкция!

2021-02-13 06:20:36	,	Неверная синтаксическая конструкция!

2021-02-13 06:20:38	654	654

2021-02-13 06:20:40	-654	-654

2021-02-13 06:20:43	+654	Неверная запись вычисляемого выражения!

2021-02-13 06:20:51	0	0
2021-02-13 06:20:51	0	0
2021-02-13 06:20:51	0	0
2021-02-13 06:20:51	a=0: уравнение не квадратное!

2021-02-13 06:20:52	0	0
2021-02-13 06:20:52	0	0
2021-02-13 06:20:52	0	0
2021-02-13 06:20:52	a=0: уравнение не квадратное!

2021-02-13 06:21:04	1х+2+2х	Неверная синтаксическая конструкция!

2021-02-13 06:21:15	1	1
2021-02-13 06:21:15	2	2
2021-02-13 06:21:15	3	3
2021-02-13 06:21:15	D < 0: корней нет!

2021-02-13 06:21:16		Незаконченное выражение!

2021-02-13 06:21:25	2	2
2021-02-13 06:21:25	1	1
2021-02-13 06:21:25	2	2
2021-02-13 06:21:25	D < 0: корней нет!

2021-02-14 12:17:17	666*	Незаконченное выражение!
2021-02-14 12:17:17	0	0
2021-02-14 12:17:17	0	0

2021-02-14 03:29:33	56+3/3	57

2021-02-16 05:52:12	666*2-9	1323

2021-02-16 05:52:21	333	333
2021-02-16 05:52:21	666	666
2021-02-16 05:52:21	999	999
2021-02-16 05:52:21	D < 0: корней нет!

